2.11.2025, 7:09:42 - INFO - Server is running on port: 3030
2.11.2025, 7:10:03 - INFO - Server is running on port: 3030
2.11.2025, 7:10:44 - INFO - Server is running on port: 3030
2.11.2025, 7:35:13 - INFO - Server is running on port: 3030
2.11.2025, 7:35:21 - INFO - Server is running on port: 3030
2.11.2025, 7:35:25 - INFO - /api/board | GET |  | {}
2.11.2025, 7:35:26 - INFO - /api/board | GET |  | {}
2.11.2025, 7:35:29 - INFO - Server is running on port: 3030
2.11.2025, 7:35:50 - INFO - Server is running on port: 3030
2.11.2025, 7:35:58 - INFO - Server is running on port: 3030
2.11.2025, 7:36:01 - INFO - Server is running on port: 3030
2.11.2025, 7:36:04 - INFO - Server is running on port: 3030
2.11.2025, 7:36:08 - INFO - /api/board | GET |  | {}
2.11.2025, 7:36:27 - INFO - Server is running on port: 3030
2.11.2025, 7:36:32 - INFO - Server is running on port: 3030
2.11.2025, 7:36:33 - INFO - Server is running on port: 3030
2.11.2025, 7:36:35 - INFO - /api/board | GET |  | {}
2.11.2025, 7:36:55 - INFO - Server is running on port: 3030
2.11.2025, 7:37:02 - INFO - Server is running on port: 3030
2.11.2025, 7:37:06 - INFO - Server is running on port: 3030
2.11.2025, 7:37:07 - INFO - Server is running on port: 3030
2.11.2025, 7:37:08 - INFO - Server is running on port: 3030
2.11.2025, 7:37:10 - INFO - Server is running on port: 3030
2.11.2025, 7:37:11 - INFO - /api/board | GET |  | {}
2.11.2025, 7:37:16 - INFO - Server is running on port: 3030
2.11.2025, 7:37:21 - INFO - Server is running on port: 3030
2.11.2025, 7:37:24 - INFO - /api/board | GET |  | {}
2.11.2025, 7:37:44 - INFO - Server is running on port: 3030
2.11.2025, 7:37:54 - INFO - /api/board | GET |  | {}
2.11.2025, 7:38:13 - INFO - Server is running on port: 3030
2.11.2025, 7:38:39 - INFO - Server is running on port: 3030
2.11.2025, 7:39:09 - INFO - Server is running on port: 3030
2.11.2025, 7:39:13 - INFO - Server is running on port: 3030
2.11.2025, 7:39:18 - INFO - Server is running on port: 3030
2.11.2025, 7:39:21 - INFO - Server is running on port: 3030
2.11.2025, 7:39:21 - INFO - Server is running on port: 3030
2.11.2025, 7:39:50 - INFO - /api/board | GET |  | {}
2.11.2025, 7:39:51 - INFO - /api/board | GET |  | {}
2.11.2025, 7:40:14 - INFO - Server is running on port: 3030
2.11.2025, 7:40:15 - INFO - Server is running on port: 3030
2.11.2025, 7:40:18 - INFO - Server is running on port: 3030
2.11.2025, 7:41:04 - INFO - Server is running on port: 3030
2.11.2025, 7:47:28 - INFO - Server is running on port: 3030
2.11.2025, 7:47:28 - INFO - Server is running on port: 3030
2.11.2025, 7:47:32 - INFO - Server is running on port: 3030
2.11.2025, 7:48:41 - INFO - /api/board | GET |  | {}
2.11.2025, 7:48:42 - ERROR - Cannot Connect to DB | MongoServerError: bad auth : Authentication failed.
2.11.2025, 7:48:42 - ERROR - Failed to get Mongo collection | MongoServerError: bad auth : Authentication failed.
2.11.2025, 7:48:42 - ERROR - cannot find boards | MongoServerError: bad auth : Authentication failed.
2.11.2025, 7:48:42 - ERROR - Failed to get boards | MongoServerError: bad auth : Authentication failed.
2.11.2025, 7:49:17 - INFO - Server is running on port: 3030
2.11.2025, 7:49:36 - INFO - Server is running on port: 3030
2.11.2025, 7:50:59 - INFO - Server is running on port: 3030
2.11.2025, 7:51:07 - INFO - /api/board | GET |  | {}
2.11.2025, 7:51:07 - ERROR - Cannot Connect to DB | Error: querySrv ENOTFOUND _mongodb._tcp.taskrail-klgzh.mongodb.net
2.11.2025, 7:51:07 - ERROR - Failed to get boards | Error: querySrv ENOTFOUND _mongodb._tcp.taskrail-klgzh.mongodb.net
2.11.2025, 7:51:07 - ERROR - Failed to get Mongo collection | Error: querySrv ENOTFOUND _mongodb._tcp.taskrail-klgzh.mongodb.net
2.11.2025, 7:51:07 - ERROR - cannot find boards | Error: querySrv ENOTFOUND _mongodb._tcp.taskrail-klgzh.mongodb.net
2.11.2025, 7:51:21 - INFO - Server is running on port: 3030
2.11.2025, 7:51:33 - INFO - Server is running on port: 3030
2.11.2025, 7:51:35 - INFO - /api/board | GET |  | {}
2.11.2025, 7:51:35 - ERROR - Cannot Connect to DB | Error: querySrv ENOTFOUND _mongodb._tcp.taskrail-rnr7fmc.mongodb.net
2.11.2025, 7:51:35 - ERROR - cannot find boards | Error: querySrv ENOTFOUND _mongodb._tcp.taskrail-rnr7fmc.mongodb.net
2.11.2025, 7:51:35 - ERROR - Failed to get Mongo collection | Error: querySrv ENOTFOUND _mongodb._tcp.taskrail-rnr7fmc.mongodb.net
2.11.2025, 7:51:35 - ERROR - Failed to get boards | Error: querySrv ENOTFOUND _mongodb._tcp.taskrail-rnr7fmc.mongodb.net
2.11.2025, 7:51:59 - INFO - Server is running on port: 3030
2.11.2025, 7:52:02 - INFO - /api/board | GET |  | {}
2.11.2025, 7:52:16 - INFO - Server is running on port: 3030
2.11.2025, 7:52:28 - INFO - /api/board | GET |  | {"id":"6906ece793f01d2f9446d72c"}
2.11.2025, 11:54:55 - INFO - Server is running on port: 3030
2.11.2025, 11:54:57 - INFO - Server is running on port: 3030
2.11.2025, 11:58:42 - INFO - Server is running on port: 3030
2.11.2025, 12:00:20 - INFO - Server is running on port: 3030
2.11.2025, 12:00:58 - INFO - Server is running on port: 3030
2.11.2025, 12:01:00 - INFO - Server is running on port: 3030
2.11.2025, 12:02:06 - INFO - Server is running on port: 3030
2.11.2025, 12:20:20 - INFO - Server is running on port: 3030
2.11.2025, 12:20:28 - INFO - Server is running on port: 3030
2.11.2025, 12:20:33 - INFO - Server is running on port: 3030
2.11.2025, 12:20:36 - INFO - Server is running on port: 3030
2.11.2025, 12:20:45 - INFO - Server is running on port: 3030
2.11.2025, 12:21:20 - INFO - Server is running on port: 3030
2.11.2025, 12:22:32 - INFO - Server is running on port: 3030
2.11.2025, 12:22:52 - INFO - Server is running on port: 3030
2.11.2025, 12:23:32 - INFO - Server is running on port: 3030
2.11.2025, 12:24:53 - INFO - Server is running on port: 3030
2.11.2025, 12:24:55 - INFO - Server is running on port: 3030
2.11.2025, 12:25:01 - INFO - Server is running on port: 3030
2.11.2025, 12:25:03 - INFO - Server is running on port: 3030
2.11.2025, 12:25:11 - INFO - Server is running on port: 3030
2.11.2025, 12:25:29 - INFO - Server is running on port: 3030
2.11.2025, 12:26:22 - INFO - Server is running on port: 3030
2.11.2025, 12:28:28 - INFO - Server is running on port: 3030
2.11.2025, 12:28:31 - INFO - Server is running on port: 3030
2.11.2025, 12:29:15 - INFO - Server is running on port: 3030
2.11.2025, 12:29:38 - INFO - Server is running on port: 3030
2.11.2025, 12:29:48 - INFO - Server is running on port: 3030
2.11.2025, 12:30:00 - INFO - Server is running on port: 3030
2.11.2025, 12:30:48 - INFO - Server is running on port: 3030
2.11.2025, 12:31:00 - INFO - Server is running on port: 3030
2.11.2025, 12:31:07 - INFO - Server is running on port: 3030
2.11.2025, 12:52:04 - INFO - Server is running on port: 3030
2.11.2025, 12:52:47 - INFO - Server is running on port: 3030
2.11.2025, 12:53:42 - INFO - Server is running on port: 3030
2.11.2025, 12:53:51 - INFO - Server is running on port: 3030
2.11.2025, 12:54:03 - INFO - Server is running on port: 3030
2.11.2025, 12:54:35 - INFO - Server is running on port: 3030
2.11.2025, 12:54:48 - INFO - Server is running on port: 3030
2.11.2025, 12:55:14 - INFO - Server is running on port: 3030
2.11.2025, 12:55:15 - INFO - Server is running on port: 3030
2.11.2025, 12:55:24 - INFO - Server is running on port: 3030
2.11.2025, 12:55:29 - INFO - Server is running on port: 3030
2.11.2025, 12:59:47 - INFO - /api/board | GET |  | {}
2.11.2025, 12:59:50 - INFO - /api/board | GET |  | {"id":"69072e845cd4bb67012f2a4f"}
2.11.2025, 13:00:04 - INFO - /api/board | GET |  | {"id":"69072e845cd4bb67012f2a4f"}
2.11.2025, 13:00:07 - INFO - /api/board | GET |  | {"id":"69072e845cd4bb67012f2a4f"}
2.11.2025, 13:01:11 - INFO - /api/board | GET |  | {}
2.11.2025, 13:01:12 - INFO - /api/board | GET |  | {"id":"69072e845cd4bb67012f2a50"}
2.11.2025, 13:01:13 - INFO - /api/board | GET |  | {}
2.11.2025, 13:03:35 - INFO - /api/board | GET |  | {}
2.11.2025, 13:03:36 - INFO - /api/board | GET |  | {"id":"69072e845cd4bb67012f2a4f"}
2.11.2025, 13:04:11 - INFO - /api/board | GET |  | {"id":"69072e845cd4bb67012f2a4f"}
2.11.2025, 13:04:15 - INFO - /api/board | GET |  | {}
2.11.2025, 13:04:16 - INFO - /api/board | GET |  | {"id":"69072e845cd4bb67012f2a50"}
2.11.2025, 13:04:18 - INFO - /api/board | GET |  | {"id":"69072e845cd4bb67012f2a50"}
2.11.2025, 13:04:18 - INFO - /api/board | GET |  | {}
2.11.2025, 13:04:19 - INFO - /api/board | GET |  | {"id":"69072e845cd4bb67012f2a52"}
2.11.2025, 13:04:21 - INFO - /api/board | GET |  | {}
2.11.2025, 13:04:22 - INFO - /api/board | GET |  | {"id":"69072e845cd4bb67012f2a50"}
2.11.2025, 13:04:25 - INFO - /api/board | GET |  | {}
2.11.2025, 13:05:34 - INFO - /api/board | GET |  | {}
2.11.2025, 13:05:34 - INFO - /api/board | GET |  | {}
2.11.2025, 13:06:17 - INFO - Server is running on port: 3030
2.11.2025, 13:06:34 - INFO - Server is running on port: 3030
2.11.2025, 13:06:36 - INFO - Server is running on port: 3030
2.11.2025, 13:06:51 - INFO - /api/board | GET |  | {}
2.11.2025, 13:06:53 - INFO - /api/board | GET |  | {"id":"69072e845cd4bb67012f2a4f"}
2.11.2025, 13:07:04 - INFO - /api/board | GET |  | {}
2.11.2025, 13:07:07 - INFO - /api/board | GET |  | {"id":"69072e845cd4bb67012f2a52"}
2.11.2025, 13:07:09 - INFO - /api/board | GET |  | {}
2.11.2025, 14:51:04 - INFO - Server is running on port: 3030
2.11.2025, 14:51:20 - INFO - /api/board | GET |  | {}
2.11.2025, 14:51:24 - INFO - /api/board | GET |  | {"id":"69072e845cd4bb67012f2a4f"}
2.11.2025, 14:51:44 - INFO - /api/board | GET |  | {"id":"69072e845cd4bb67012f2a50"}
2.11.2025, 14:52:38 - INFO - Server is running on port: 3030
2.11.2025, 14:52:45 - INFO - Server is running on port: 3030
2.11.2025, 14:52:52 - INFO - Server is running on port: 3030
2.11.2025, 14:52:59 - INFO - Server is running on port: 3030
2.11.2025, 14:53:15 - INFO - Server is running on port: 3030
2.11.2025, 14:55:58 - INFO - Server is running on port: 3030
2.11.2025, 14:56:04 - INFO - Server is running on port: 3030
2.11.2025, 14:56:07 - INFO - Server is running on port: 3030
2.11.2025, 15:01:30 - INFO - Server is running on port: 3030
2.11.2025, 15:02:09 - INFO - Server is running on port: 3030
2.11.2025, 15:02:10 - INFO - Server is running on port: 3030
2.11.2025, 15:03:03 - INFO - Server is running on port: 3030
2.11.2025, 15:03:49 - INFO - Server is running on port: 3030
2.11.2025, 15:04:09 - INFO - Server is running on port: 3030
2.11.2025, 15:04:10 - INFO - Server is running on port: 3030
2.11.2025, 15:05:36 - INFO - Server is running on port: 3030
2.11.2025, 15:06:06 - INFO - Server is running on port: 3030
2.11.2025, 15:06:15 - INFO - Server is running on port: 3030
2.11.2025, 15:06:30 - INFO - Server is running on port: 3030
2.11.2025, 15:06:35 - INFO - Server is running on port: 3030
2.11.2025, 15:06:38 - INFO - Server is running on port: 3030
2.11.2025, 15:06:58 - INFO - Server is running on port: 3030
2.11.2025, 15:06:58 - INFO - Server is running on port: 3030
2.11.2025, 15:07:02 - INFO - Server is running on port: 3030
2.11.2025, 15:07:03 - INFO - Server is running on port: 3030
2.11.2025, 15:07:09 - INFO - Server is running on port: 3030
2.11.2025, 15:07:11 - INFO - Server is running on port: 3030
2.11.2025, 15:07:45 - INFO - Server is running on port: 3030
2.11.2025, 15:07:54 - INFO - Server is running on port: 3030
2.11.2025, 15:07:59 - INFO - Server is running on port: 3030
2.11.2025, 15:08:00 - INFO - Server is running on port: 3030
2.11.2025, 15:08:02 - INFO - Server is running on port: 3030
2.11.2025, 15:08:06 - INFO - Server is running on port: 3030
2.11.2025, 15:08:41 - INFO - Server is running on port: 3030
2.11.2025, 15:08:54 - INFO - Server is running on port: 3030
2.11.2025, 15:09:00 - INFO - Server is running on port: 3030
2.11.2025, 15:09:02 - INFO - Server is running on port: 3030
2.11.2025, 15:09:17 - INFO - Server is running on port: 3030
2.11.2025, 15:09:19 - INFO - Server is running on port: 3030
2.11.2025, 15:09:22 - INFO - Server is running on port: 3030
2.11.2025, 15:09:27 - INFO - Server is running on port: 3030
2.11.2025, 15:09:28 - INFO - Server is running on port: 3030
2.11.2025, 15:09:32 - INFO - Server is running on port: 3030
2.11.2025, 15:09:37 - INFO - Server is running on port: 3030
2.11.2025, 15:09:52 - INFO - Server is running on port: 3030
2.11.2025, 15:10:48 - INFO - Server is running on port: 3030
2.11.2025, 15:10:55 - INFO - Server is running on port: 3030
2.11.2025, 15:11:03 - INFO - Server is running on port: 3030
2.11.2025, 15:11:22 - INFO - Server is running on port: 3030
2.11.2025, 15:11:29 - INFO - Server is running on port: 3030
2.11.2025, 15:11:45 - INFO - Server is running on port: 3030
2.11.2025, 15:11:45 - INFO - Server is running on port: 3030
2.11.2025, 15:11:46 - INFO - Server is running on port: 3030
2.11.2025, 15:12:44 - INFO - Server is running on port: 3030
2.11.2025, 15:15:24 - INFO - Server is running on port: 3030
2.11.2025, 15:15:29 - INFO - Server is running on port: 3030
2.11.2025, 15:15:34 - INFO - Server is running on port: 3030
2.11.2025, 15:16:02 - INFO - Server is running on port: 3030
2.11.2025, 15:16:13 - INFO - Server is running on port: 3030
2.11.2025, 15:16:22 - INFO - Server is running on port: 3030
2.11.2025, 15:16:30 - INFO - /api/board | GET |  | {}
2.11.2025, 15:16:36 - INFO - /api/board | GET |  | {}
2.11.2025, 15:16:51 - INFO - Server is running on port: 3030
2.11.2025, 15:17:43 - INFO - Server is running on port: 3030
2.11.2025, 15:17:48 - INFO - /api/board | GET |  | {}
2.11.2025, 15:17:52 - INFO - Server is running on port: 3030
2.11.2025, 15:17:54 - INFO - /api/board | GET |  | {"id":"69072e845cd4bb67012f2a4f"}
2.11.2025, 15:18:00 - INFO - Server is running on port: 3030
2.11.2025, 15:18:13 - INFO - /api/board | GET |  | {}
2.11.2025, 15:18:58 - ERROR - Cannot Connect to DB | MongoNetworkTimeoutError: Socket 'secureConnect' timed out after 30015ms (connectTimeoutMS: 30000)
2.11.2025, 15:18:58 - ERROR - Failed to get Mongo collection | MongoNetworkTimeoutError: Socket 'secureConnect' timed out after 30015ms (connectTimeoutMS: 30000)
2.11.2025, 15:18:58 - ERROR - cannot find boards | MongoNetworkTimeoutError: Socket 'secureConnect' timed out after 30015ms (connectTimeoutMS: 30000)
2.11.2025, 15:18:58 - ERROR - Failed to get boards | MongoNetworkTimeoutError: Socket 'secureConnect' timed out after 30015ms (connectTimeoutMS: 30000)
2.11.2025, 15:51:16 - INFO - Server is running on port: 3030
2.11.2025, 15:51:25 - INFO - /api/board | GET |  | {"id":"69072e845cd4bb67012f2a4f"}
2.11.2025, 15:51:30 - ERROR - Failed to get Mongo collection | Error: querySrv ECONNREFUSED _mongodb._tcp.taskrail.rnr7fmc.mongodb.net
2.11.2025, 15:51:30 - ERROR - Failed to get board | Error: querySrv ECONNREFUSED _mongodb._tcp.taskrail.rnr7fmc.mongodb.net
2.11.2025, 15:51:30 - ERROR - while finding board 69072e845cd4bb67012f2a4f | Error: querySrv ECONNREFUSED _mongodb._tcp.taskrail.rnr7fmc.mongodb.net
2.11.2025, 15:51:30 - ERROR - Cannot Connect to DB | Error: querySrv ECONNREFUSED _mongodb._tcp.taskrail.rnr7fmc.mongodb.net
2.11.2025, 15:54:00 - INFO - Server is running on port: 3030
2.11.2025, 15:54:07 - INFO - /api/board | GET |  | {"id":"69072e845cd4bb67012f2a4f"}
2.11.2025, 15:54:10 - INFO - Server is running on port: 3030
2.11.2025, 16:00:54 - INFO - Server is running on port: 3030
2.11.2025, 16:01:01 - INFO - Server is running on port: 3030
2.11.2025, 16:01:03 - INFO - Server is running on port: 3030
2.11.2025, 16:01:17 - INFO - Server is running on port: 3030
